2024-12-18T22:36:10.688-03:00  INFO 4180 --- [ecommerce] [restartedMain] b.e.ufrn.ecommerce.EcommerceApplication  : Starting EcommerceApplication using Java 21.0.4 with PID 4180 (C:\Users\vanes\OneDrive\Documentos\UFRN\Projetos\ecommerce-service\build\classes\java\main started by vanes in C:\Users\vanes\OneDrive\Documentos\UFRN\Projetos\ecommerce-service)
2024-12-18T22:36:10.690-03:00  INFO 4180 --- [ecommerce] [restartedMain] b.e.ufrn.ecommerce.EcommerceApplication  : No active profile set, falling back to 1 default profile: "default"
2024-12-18T22:36:10.742-03:00  INFO 4180 --- [ecommerce] [restartedMain] .e.DevToolsPropertyDefaultsPostProcessor : Devtools property defaults active! Set 'spring.devtools.add-properties' to 'false' to disable
2024-12-18T22:36:10.746-03:00  INFO 4180 --- [ecommerce] [restartedMain] .e.DevToolsPropertyDefaultsPostProcessor : For additional web related logging consider setting the 'logging.level.web' property to 'DEBUG'
2024-12-18T22:36:11.742-03:00  INFO 4180 --- [ecommerce] [restartedMain] o.s.b.w.embedded.tomcat.TomcatWebServer  : Tomcat initialized with port 8080 (http)
2024-12-18T22:36:11.758-03:00  INFO 4180 --- [ecommerce] [restartedMain] o.apache.catalina.core.StandardService   : Starting service [Tomcat]
2024-12-18T22:36:11.758-03:00  INFO 4180 --- [ecommerce] [restartedMain] o.apache.catalina.core.StandardEngine    : Starting Servlet engine: [Apache Tomcat/10.1.33]
2024-12-18T22:36:11.812-03:00  INFO 4180 --- [ecommerce] [restartedMain] o.a.c.c.C.[Tomcat].[localhost].[/]       : Initializing Spring embedded WebApplicationContext
2024-12-18T22:36:11.812-03:00  INFO 4180 --- [ecommerce] [restartedMain] w.s.c.ServletWebServerApplicationContext : Root WebApplicationContext: initialization completed in 1065 ms
2024-12-18T22:36:12.387-03:00  INFO 4180 --- [ecommerce] [restartedMain] o.s.b.d.a.OptionalLiveReloadServer       : LiveReload server is running on port 35729
2024-12-18T22:36:12.459-03:00  INFO 4180 --- [ecommerce] [restartedMain] o.s.b.w.embedded.tomcat.TomcatWebServer  : Tomcat started on port 8080 (http) with context path '/'
2024-12-18T22:36:12.467-03:00  INFO 4180 --- [ecommerce] [restartedMain] b.e.ufrn.ecommerce.EcommerceApplication  : Started EcommerceApplication in 2.253 seconds (process running for 3.13)
2024-12-18T22:37:04.825-03:00  INFO 4180 --- [ecommerce] [http-nio-8080-exec-3] o.a.c.c.C.[Tomcat].[localhost].[/]       : Initializing Spring DispatcherServlet 'dispatcherServlet'
2024-12-18T22:37:04.826-03:00  INFO 4180 --- [ecommerce] [http-nio-8080-exec-3] o.s.web.servlet.DispatcherServlet        : Initializing Servlet 'dispatcherServlet'
2024-12-18T22:37:04.828-03:00  INFO 4180 --- [ecommerce] [http-nio-8080-exec-3] o.s.web.servlet.DispatcherServlet        : Completed initialization in 2 ms
2024-12-18T22:40:13.424-03:00  INFO 4180 --- [ecommerce] [SpringApplicationShutdownHook] o.s.b.w.e.tomcat.GracefulShutdown        : Commencing graceful shutdown. Waiting for active requests to complete
2024-12-18T22:40:13.430-03:00  INFO 4180 --- [ecommerce] [tomcat-shutdown] o.s.b.w.e.tomcat.GracefulShutdown        : Graceful shutdown complete
2024-12-18T22:40:16.698-03:00  INFO 22048 --- [ecommerce] [restartedMain] b.e.ufrn.ecommerce.EcommerceApplication  : Starting EcommerceApplication using Java 21.0.4 with PID 22048 (C:\Users\vanes\OneDrive\Documentos\UFRN\Projetos\ecommerce-service\build\classes\java\main started by vanes in C:\Users\vanes\OneDrive\Documentos\UFRN\Projetos\ecommerce-service)
2024-12-18T22:40:16.701-03:00  INFO 22048 --- [ecommerce] [restartedMain] b.e.ufrn.ecommerce.EcommerceApplication  : No active profile set, falling back to 1 default profile: "default"
2024-12-18T22:40:16.755-03:00  INFO 22048 --- [ecommerce] [restartedMain] .e.DevToolsPropertyDefaultsPostProcessor : Devtools property defaults active! Set 'spring.devtools.add-properties' to 'false' to disable
2024-12-18T22:40:16.755-03:00  INFO 22048 --- [ecommerce] [restartedMain] .e.DevToolsPropertyDefaultsPostProcessor : For additional web related logging consider setting the 'logging.level.web' property to 'DEBUG'
2024-12-18T22:40:17.806-03:00  INFO 22048 --- [ecommerce] [restartedMain] o.s.b.w.embedded.tomcat.TomcatWebServer  : Tomcat initialized with port 8080 (http)
2024-12-18T22:40:17.822-03:00  INFO 22048 --- [ecommerce] [restartedMain] o.apache.catalina.core.StandardService   : Starting service [Tomcat]
2024-12-18T22:40:17.822-03:00  INFO 22048 --- [ecommerce] [restartedMain] o.apache.catalina.core.StandardEngine    : Starting Servlet engine: [Apache Tomcat/10.1.33]
2024-12-18T22:40:17.875-03:00  INFO 22048 --- [ecommerce] [restartedMain] o.a.c.c.C.[Tomcat].[localhost].[/]       : Initializing Spring embedded WebApplicationContext
2024-12-18T22:40:17.875-03:00  INFO 22048 --- [ecommerce] [restartedMain] w.s.c.ServletWebServerApplicationContext : Root WebApplicationContext: initialization completed in 1119 ms
2024-12-18T22:40:18.539-03:00  INFO 22048 --- [ecommerce] [restartedMain] o.s.b.d.a.OptionalLiveReloadServer       : LiveReload server is running on port 35729
2024-12-18T22:40:18.631-03:00  INFO 22048 --- [ecommerce] [restartedMain] o.s.b.w.embedded.tomcat.TomcatWebServer  : Tomcat started on port 8080 (http) with context path '/'
2024-12-18T22:40:18.642-03:00  INFO 22048 --- [ecommerce] [restartedMain] b.e.ufrn.ecommerce.EcommerceApplication  : Started EcommerceApplication in 2.445 seconds (process running for 3.287)
2024-12-18T22:40:40.730-03:00  INFO 22048 --- [ecommerce] [http-nio-8080-exec-1] o.a.c.c.C.[Tomcat].[localhost].[/]       : Initializing Spring DispatcherServlet 'dispatcherServlet'
2024-12-18T22:40:40.731-03:00  INFO 22048 --- [ecommerce] [http-nio-8080-exec-1] o.s.web.servlet.DispatcherServlet        : Initializing Servlet 'dispatcherServlet'
2024-12-18T22:40:40.731-03:00  INFO 22048 --- [ecommerce] [http-nio-8080-exec-1] o.s.web.servlet.DispatcherServlet        : Completed initialization in 0 ms
2024-12-18T22:40:40.962-03:00  INFO 22048 --- [ecommerce] [http-nio-8080-exec-1] b.e.u.ecommerce.service.FidelityService  : Requisição resgitrada com sucesso com status code 200
2024-12-18T22:40:49.912-03:00  INFO 22048 --- [ecommerce] [http-nio-8080-exec-2] b.e.u.ecommerce.service.FidelityService  : Requisição resgitrada com sucesso com status code 200
2024-12-18T22:40:50.885-03:00  INFO 22048 --- [ecommerce] [http-nio-8080-exec-4] b.e.u.ecommerce.service.FidelityService  : Requisição resgitrada com sucesso com status code 200
2024-12-18T22:40:51.712-03:00  INFO 22048 --- [ecommerce] [http-nio-8080-exec-3] b.e.u.ecommerce.service.FidelityService  : Requisição resgitrada com sucesso com status code 200
2024-12-18T22:40:52.726-03:00  INFO 22048 --- [ecommerce] [http-nio-8080-exec-5] b.e.u.ecommerce.service.FidelityService  : Requisição resgitrada com sucesso com status code 200
2024-12-18T22:40:53.654-03:00  INFO 22048 --- [ecommerce] [http-nio-8080-exec-6] b.e.u.ecommerce.service.FidelityService  : Requisição resgitrada com sucesso com status code 200
2024-12-18T22:40:54.577-03:00  INFO 22048 --- [ecommerce] [http-nio-8080-exec-7] b.e.u.ecommerce.service.FidelityService  : Requisição resgitrada com sucesso com status code 200
2024-12-18T22:40:55.354-03:00  INFO 22048 --- [ecommerce] [http-nio-8080-exec-8] b.e.u.ecommerce.service.FidelityService  : Requisição resgitrada com sucesso com status code 200
2024-12-18T22:40:56.134-03:00  INFO 22048 --- [ecommerce] [http-nio-8080-exec-9] b.e.u.ecommerce.service.FidelityService  : Requisição resgitrada com sucesso com status code 200
2024-12-18T22:40:57.219-03:00  INFO 22048 --- [ecommerce] [http-nio-8080-exec-10] b.e.u.ecommerce.service.FidelityService  : Requisição resgitrada com sucesso com status code 200
2024-12-18T22:41:01.097-03:00  INFO 22048 --- [ecommerce] [http-nio-8080-exec-1] b.e.u.ecommerce.service.FidelityService  : Requisição resgitrada com sucesso com status code 200
2024-12-18T22:41:02.073-03:00  INFO 22048 --- [ecommerce] [http-nio-8080-exec-2] b.e.u.ecommerce.service.FidelityService  : Requisição resgitrada com sucesso com status code 200
2024-12-18T22:41:02.820-03:00  INFO 22048 --- [ecommerce] [http-nio-8080-exec-4] b.e.u.ecommerce.service.FidelityService  : Requisição resgitrada com sucesso com status code 200
2024-12-18T22:41:03.624-03:00  INFO 22048 --- [ecommerce] [http-nio-8080-exec-3] b.e.u.ecommerce.service.FidelityService  : Requisição resgitrada com sucesso com status code 200
2024-12-18T22:41:04.341-03:00  INFO 22048 --- [ecommerce] [http-nio-8080-exec-5] b.e.u.ecommerce.service.FidelityService  : Requisição resgitrada com sucesso com status code 200
2024-12-18T22:41:05.134-03:00  INFO 22048 --- [ecommerce] [http-nio-8080-exec-6] b.e.u.ecommerce.service.FidelityService  : Requisição resgitrada com sucesso com status code 200
2024-12-18T22:41:05.848-03:00  INFO 22048 --- [ecommerce] [http-nio-8080-exec-7] b.e.u.ecommerce.service.FidelityService  : Requisição resgitrada com sucesso com status code 200
2024-12-18T22:41:06.545-03:00  INFO 22048 --- [ecommerce] [http-nio-8080-exec-8] b.e.u.ecommerce.service.FidelityService  : Requisição resgitrada com sucesso com status code 200
2024-12-18T22:41:07.661-03:00  INFO 22048 --- [ecommerce] [http-nio-8080-exec-9] b.e.u.ecommerce.service.FidelityService  : Requisição resgitrada com sucesso com status code 200
2024-12-18T22:41:09.569-03:00 ERROR 22048 --- [ecommerce] [http-nio-8080-exec-10] b.e.u.ecommerce.service.FidelityService  : Não foi possível obter resultado, a requisição ultrapassou o limite de 1 s
2024-12-18T22:41:56.934-03:00  INFO 22048 --- [ecommerce] [SpringApplicationShutdownHook] o.s.b.w.e.tomcat.GracefulShutdown        : Commencing graceful shutdown. Waiting for active requests to complete
2024-12-18T22:41:56.940-03:00  INFO 22048 --- [ecommerce] [tomcat-shutdown] o.s.b.w.e.tomcat.GracefulShutdown        : Graceful shutdown complete
2024-12-18T22:41:59.979-03:00  INFO 22004 --- [ecommerce] [restartedMain] b.e.ufrn.ecommerce.EcommerceApplication  : Starting EcommerceApplication using Java 21.0.4 with PID 22004 (C:\Users\vanes\OneDrive\Documentos\UFRN\Projetos\ecommerce-service\build\classes\java\main started by vanes in C:\Users\vanes\OneDrive\Documentos\UFRN\Projetos\ecommerce-service)
2024-12-18T22:41:59.982-03:00  INFO 22004 --- [ecommerce] [restartedMain] b.e.ufrn.ecommerce.EcommerceApplication  : No active profile set, falling back to 1 default profile: "default"
2024-12-18T22:42:00.077-03:00  INFO 22004 --- [ecommerce] [restartedMain] .e.DevToolsPropertyDefaultsPostProcessor : Devtools property defaults active! Set 'spring.devtools.add-properties' to 'false' to disable
2024-12-18T22:42:00.078-03:00  INFO 22004 --- [ecommerce] [restartedMain] .e.DevToolsPropertyDefaultsPostProcessor : For additional web related logging consider setting the 'logging.level.web' property to 'DEBUG'
2024-12-18T22:42:01.235-03:00  INFO 22004 --- [ecommerce] [restartedMain] o.s.b.w.embedded.tomcat.TomcatWebServer  : Tomcat initialized with port 8080 (http)
2024-12-18T22:42:01.250-03:00  INFO 22004 --- [ecommerce] [restartedMain] o.apache.catalina.core.StandardService   : Starting service [Tomcat]
2024-12-18T22:42:01.250-03:00  INFO 22004 --- [ecommerce] [restartedMain] o.apache.catalina.core.StandardEngine    : Starting Servlet engine: [Apache Tomcat/10.1.33]
2024-12-18T22:42:01.301-03:00  INFO 22004 --- [ecommerce] [restartedMain] o.a.c.c.C.[Tomcat].[localhost].[/]       : Initializing Spring embedded WebApplicationContext
2024-12-18T22:42:01.302-03:00  INFO 22004 --- [ecommerce] [restartedMain] w.s.c.ServletWebServerApplicationContext : Root WebApplicationContext: initialization completed in 1222 ms
2024-12-18T22:42:01.906-03:00  INFO 22004 --- [ecommerce] [restartedMain] o.s.b.d.a.OptionalLiveReloadServer       : LiveReload server is running on port 35729
2024-12-18T22:42:01.972-03:00  INFO 22004 --- [ecommerce] [restartedMain] o.s.b.w.embedded.tomcat.TomcatWebServer  : Tomcat started on port 8080 (http) with context path '/'
2024-12-18T22:42:01.982-03:00  INFO 22004 --- [ecommerce] [restartedMain] b.e.ufrn.ecommerce.EcommerceApplication  : Started EcommerceApplication in 2.505 seconds (process running for 3.376)
2024-12-18T22:42:34.179-03:00  INFO 22004 --- [ecommerce] [http-nio-8080-exec-1] o.a.c.c.C.[Tomcat].[localhost].[/]       : Initializing Spring DispatcherServlet 'dispatcherServlet'
2024-12-18T22:42:34.180-03:00  INFO 22004 --- [ecommerce] [http-nio-8080-exec-1] o.s.web.servlet.DispatcherServlet        : Initializing Servlet 'dispatcherServlet'
2024-12-18T22:42:34.181-03:00  INFO 22004 --- [ecommerce] [http-nio-8080-exec-1] o.s.web.servlet.DispatcherServlet        : Completed initialization in 1 ms
2024-12-18T22:42:35.309-03:00 ERROR 22004 --- [ecommerce] [http-nio-8080-exec-1] b.e.u.ecommerce.service.FidelityService  : Não foi possível obter resultado, a requisição ultrapassou o limite de 1 s
2024-12-18T22:43:03.022-03:00 ERROR 22004 --- [ecommerce] [scheduling-1] b.e.u.ecommerce.service.FidelityService  : Não foi possível obter resultado, a requisição ultrapassou o limite de 1 s
2024-12-18T22:43:04.024-03:00 ERROR 22004 --- [ecommerce] [scheduling-1] b.e.u.ecommerce.service.FidelityService  : Não foi possível obter resultado, a requisição ultrapassou o limite de 1 s
2024-12-18T22:43:05.039-03:00 ERROR 22004 --- [ecommerce] [scheduling-1] b.e.u.ecommerce.service.FidelityService  : Não foi possível obter resultado, a requisição ultrapassou o limite de 1 s
2024-12-18T22:43:05.045-03:00  INFO 22004 --- [ecommerce] [scheduling-1] b.e.u.ecommerce.service.FidelityService  : Requisição resgitrada com sucesso com status code 200
2024-12-18T22:46:22.006-03:00  INFO 22004 --- [ecommerce] [SpringApplicationShutdownHook] o.s.b.w.e.tomcat.GracefulShutdown        : Commencing graceful shutdown. Waiting for active requests to complete
2024-12-18T22:46:22.010-03:00  INFO 22004 --- [ecommerce] [tomcat-shutdown] o.s.b.w.e.tomcat.GracefulShutdown        : Graceful shutdown complete
2024-12-18T22:46:25.931-03:00  INFO 18476 --- [ecommerce] [restartedMain] b.e.ufrn.ecommerce.EcommerceApplication  : Starting EcommerceApplication using Java 21.0.4 with PID 18476 (C:\Users\vanes\OneDrive\Documentos\UFRN\Projetos\ecommerce-service\build\classes\java\main started by vanes in C:\Users\vanes\OneDrive\Documentos\UFRN\Projetos\ecommerce-service)
2024-12-18T22:46:25.934-03:00  INFO 18476 --- [ecommerce] [restartedMain] b.e.ufrn.ecommerce.EcommerceApplication  : No active profile set, falling back to 1 default profile: "default"
2024-12-18T22:46:25.988-03:00  INFO 18476 --- [ecommerce] [restartedMain] .e.DevToolsPropertyDefaultsPostProcessor : Devtools property defaults active! Set 'spring.devtools.add-properties' to 'false' to disable
2024-12-18T22:46:25.988-03:00  INFO 18476 --- [ecommerce] [restartedMain] .e.DevToolsPropertyDefaultsPostProcessor : For additional web related logging consider setting the 'logging.level.web' property to 'DEBUG'
2024-12-18T22:46:27.005-03:00  INFO 18476 --- [ecommerce] [restartedMain] o.s.b.w.embedded.tomcat.TomcatWebServer  : Tomcat initialized with port 8080 (http)
2024-12-18T22:46:27.020-03:00  INFO 18476 --- [ecommerce] [restartedMain] o.apache.catalina.core.StandardService   : Starting service [Tomcat]
2024-12-18T22:46:27.020-03:00  INFO 18476 --- [ecommerce] [restartedMain] o.apache.catalina.core.StandardEngine    : Starting Servlet engine: [Apache Tomcat/10.1.33]
2024-12-18T22:46:27.072-03:00  INFO 18476 --- [ecommerce] [restartedMain] o.a.c.c.C.[Tomcat].[localhost].[/]       : Initializing Spring embedded WebApplicationContext
2024-12-18T22:46:27.072-03:00  INFO 18476 --- [ecommerce] [restartedMain] w.s.c.ServletWebServerApplicationContext : Root WebApplicationContext: initialization completed in 1083 ms
2024-12-18T22:46:27.677-03:00  INFO 18476 --- [ecommerce] [restartedMain] o.s.b.d.a.OptionalLiveReloadServer       : LiveReload server is running on port 35729
2024-12-18T22:46:27.746-03:00  INFO 18476 --- [ecommerce] [restartedMain] o.s.b.w.embedded.tomcat.TomcatWebServer  : Tomcat started on port 8080 (http) with context path '/'
2024-12-18T22:46:27.757-03:00  INFO 18476 --- [ecommerce] [restartedMain] b.e.ufrn.ecommerce.EcommerceApplication  : Started EcommerceApplication in 2.302 seconds (process running for 3.062)
2024-12-18T22:46:56.804-03:00  INFO 18476 --- [ecommerce] [http-nio-8080-exec-1] o.a.c.c.C.[Tomcat].[localhost].[/]       : Initializing Spring DispatcherServlet 'dispatcherServlet'
2024-12-18T22:46:56.804-03:00  INFO 18476 --- [ecommerce] [http-nio-8080-exec-1] o.s.web.servlet.DispatcherServlet        : Initializing Servlet 'dispatcherServlet'
2024-12-18T22:46:56.805-03:00  INFO 18476 --- [ecommerce] [http-nio-8080-exec-1] o.s.web.servlet.DispatcherServlet        : Completed initialization in 1 ms
2024-12-18T22:46:56.968-03:00  INFO 18476 --- [ecommerce] [http-nio-8080-exec-1] b.e.u.ecommerce.service.FidelityService  : Requisição resgitrada com sucesso com status code 200
2024-12-18T22:46:57.853-03:00  INFO 18476 --- [ecommerce] [http-nio-8080-exec-2] b.e.u.ecommerce.service.FidelityService  : Requisição resgitrada com sucesso com status code 200
2024-12-18T22:46:58.908-03:00  INFO 18476 --- [ecommerce] [http-nio-8080-exec-5] b.e.u.ecommerce.service.FidelityService  : Requisição resgitrada com sucesso com status code 200
2024-12-18T22:46:59.772-03:00  INFO 18476 --- [ecommerce] [http-nio-8080-exec-4] b.e.u.ecommerce.service.FidelityService  : Requisição resgitrada com sucesso com status code 200
2024-12-18T22:47:00.537-03:00  INFO 18476 --- [ecommerce] [http-nio-8080-exec-3] b.e.u.ecommerce.service.FidelityService  : Requisição resgitrada com sucesso com status code 200
2024-12-18T22:47:01.289-03:00  INFO 18476 --- [ecommerce] [http-nio-8080-exec-6] b.e.u.ecommerce.service.FidelityService  : Requisição resgitrada com sucesso com status code 200
2024-12-18T22:47:02.021-03:00  INFO 18476 --- [ecommerce] [http-nio-8080-exec-7] b.e.u.ecommerce.service.FidelityService  : Requisição resgitrada com sucesso com status code 200
2024-12-18T22:47:02.691-03:00  INFO 18476 --- [ecommerce] [http-nio-8080-exec-8] b.e.u.ecommerce.service.FidelityService  : Requisição resgitrada com sucesso com status code 200
2024-12-18T22:47:03.258-03:00  INFO 18476 --- [ecommerce] [http-nio-8080-exec-9] b.e.u.ecommerce.service.FidelityService  : Requisição resgitrada com sucesso com status code 200
2024-12-18T22:47:03.863-03:00  INFO 18476 --- [ecommerce] [http-nio-8080-exec-10] b.e.u.ecommerce.service.FidelityService  : Requisição resgitrada com sucesso com status code 200
2024-12-18T22:47:04.542-03:00  INFO 18476 --- [ecommerce] [http-nio-8080-exec-1] b.e.u.ecommerce.service.FidelityService  : Requisição resgitrada com sucesso com status code 200
2024-12-18T22:47:05.152-03:00  INFO 18476 --- [ecommerce] [http-nio-8080-exec-2] b.e.u.ecommerce.service.FidelityService  : Requisição resgitrada com sucesso com status code 200
2024-12-18T22:47:05.821-03:00  INFO 18476 --- [ecommerce] [http-nio-8080-exec-5] b.e.u.ecommerce.service.FidelityService  : Requisição resgitrada com sucesso com status code 200
2024-12-18T22:47:06.534-03:00  INFO 18476 --- [ecommerce] [http-nio-8080-exec-4] b.e.u.ecommerce.service.FidelityService  : Requisição resgitrada com sucesso com status code 200
2024-12-18T22:47:07.209-03:00  INFO 18476 --- [ecommerce] [http-nio-8080-exec-3] b.e.u.ecommerce.service.FidelityService  : Requisição resgitrada com sucesso com status code 200
2024-12-18T22:47:07.921-03:00  INFO 18476 --- [ecommerce] [http-nio-8080-exec-6] b.e.u.ecommerce.service.FidelityService  : Requisição resgitrada com sucesso com status code 200
2024-12-18T22:47:08.619-03:00  INFO 18476 --- [ecommerce] [http-nio-8080-exec-7] b.e.u.ecommerce.service.FidelityService  : Requisição resgitrada com sucesso com status code 200
2024-12-18T22:47:09.222-03:00  INFO 18476 --- [ecommerce] [http-nio-8080-exec-8] b.e.u.ecommerce.service.FidelityService  : Requisição resgitrada com sucesso com status code 200
2024-12-18T22:47:09.917-03:00  INFO 18476 --- [ecommerce] [http-nio-8080-exec-9] b.e.u.ecommerce.service.FidelityService  : Requisição resgitrada com sucesso com status code 200
2024-12-18T22:47:10.699-03:00  INFO 18476 --- [ecommerce] [http-nio-8080-exec-10] b.e.u.ecommerce.service.FidelityService  : Requisição resgitrada com sucesso com status code 200
2024-12-18T22:47:11.461-03:00  INFO 18476 --- [ecommerce] [http-nio-8080-exec-1] b.e.u.ecommerce.service.FidelityService  : Requisição resgitrada com sucesso com status code 200
2024-12-18T22:47:12.209-03:00  INFO 18476 --- [ecommerce] [http-nio-8080-exec-2] b.e.u.ecommerce.service.FidelityService  : Requisição resgitrada com sucesso com status code 200
2024-12-18T22:47:12.940-03:00  INFO 18476 --- [ecommerce] [http-nio-8080-exec-5] b.e.u.ecommerce.service.FidelityService  : Requisição resgitrada com sucesso com status code 200
2024-12-18T22:47:14.654-03:00 ERROR 18476 --- [ecommerce] [http-nio-8080-exec-4] b.e.u.ecommerce.service.FidelityService  : Não foi possível obter resultado, a requisição ultrapassou o limite de 1 s
2024-12-18T22:47:28.797-03:00 ERROR 18476 --- [ecommerce] [scheduling-1] b.e.u.ecommerce.service.FidelityService  : Não foi possível obter resultado, a requisição ultrapassou o limite de 1 s
2024-12-18T22:47:29.803-03:00 ERROR 18476 --- [ecommerce] [scheduling-1] b.e.u.ecommerce.service.FidelityService  : Não foi possível obter resultado, a requisição ultrapassou o limite de 1 s
2024-12-18T22:47:30.808-03:00 ERROR 18476 --- [ecommerce] [scheduling-1] b.e.u.ecommerce.service.FidelityService  : Não foi possível obter resultado, a requisição ultrapassou o limite de 1 s
2024-12-18T22:47:31.824-03:00 ERROR 18476 --- [ecommerce] [scheduling-1] b.e.u.ecommerce.service.FidelityService  : Não foi possível obter resultado, a requisição ultrapassou o limite de 1 s
2024-12-18T22:47:32.839-03:00 ERROR 18476 --- [ecommerce] [scheduling-1] b.e.u.ecommerce.service.FidelityService  : Não foi possível obter resultado, a requisição ultrapassou o limite de 1 s
2024-12-18T22:47:33.848-03:00 ERROR 18476 --- [ecommerce] [scheduling-1] b.e.u.ecommerce.service.FidelityService  : Não foi possível obter resultado, a requisição ultrapassou o limite de 1 s
2024-12-18T22:47:34.850-03:00 ERROR 18476 --- [ecommerce] [scheduling-1] b.e.u.ecommerce.service.FidelityService  : Não foi possível obter resultado, a requisição ultrapassou o limite de 1 s
2024-12-18T22:47:35.852-03:00 ERROR 18476 --- [ecommerce] [scheduling-1] b.e.u.ecommerce.service.FidelityService  : Não foi possível obter resultado, a requisição ultrapassou o limite de 1 s
2024-12-18T22:47:36.860-03:00 ERROR 18476 --- [ecommerce] [scheduling-1] b.e.u.ecommerce.service.FidelityService  : Não foi possível obter resultado, a requisição ultrapassou o limite de 1 s
2024-12-18T22:47:37.866-03:00 ERROR 18476 --- [ecommerce] [scheduling-1] b.e.u.ecommerce.service.FidelityService  : Não foi possível obter resultado, a requisição ultrapassou o limite de 1 s
2024-12-18T22:47:38.869-03:00 ERROR 18476 --- [ecommerce] [scheduling-1] b.e.u.ecommerce.service.FidelityService  : Não foi possível obter resultado, a requisição ultrapassou o limite de 1 s
2024-12-18T22:47:39.876-03:00 ERROR 18476 --- [ecommerce] [scheduling-1] b.e.u.ecommerce.service.FidelityService  : Não foi possível obter resultado, a requisição ultrapassou o limite de 1 s
2024-12-18T22:47:40.888-03:00 ERROR 18476 --- [ecommerce] [scheduling-1] b.e.u.ecommerce.service.FidelityService  : Não foi possível obter resultado, a requisição ultrapassou o limite de 1 s
2024-12-18T22:47:41.894-03:00 ERROR 18476 --- [ecommerce] [scheduling-1] b.e.u.ecommerce.service.FidelityService  : Não foi possível obter resultado, a requisição ultrapassou o limite de 1 s
2024-12-18T22:47:42.907-03:00 ERROR 18476 --- [ecommerce] [scheduling-1] b.e.u.ecommerce.service.FidelityService  : Não foi possível obter resultado, a requisição ultrapassou o limite de 1 s
2024-12-18T22:47:43.921-03:00 ERROR 18476 --- [ecommerce] [scheduling-1] b.e.u.ecommerce.service.FidelityService  : Não foi possível obter resultado, a requisição ultrapassou o limite de 1 s
2024-12-18T22:47:43.927-03:00  INFO 18476 --- [ecommerce] [scheduling-1] b.e.u.ecommerce.service.FidelityService  : Requisição resgitrada com sucesso com status code 200
2024-12-18T22:48:03.544-03:00  INFO 18476 --- [ecommerce] [SpringApplicationShutdownHook] o.s.b.w.e.tomcat.GracefulShutdown        : Commencing graceful shutdown. Waiting for active requests to complete
2024-12-18T22:48:03.548-03:00  INFO 18476 --- [ecommerce] [tomcat-shutdown] o.s.b.w.e.tomcat.GracefulShutdown        : Graceful shutdown complete
